<?xml version="1.0" encoding="UTF-8"?>
<!-- Generated by org.testng.reporters.JUnitXMLReporter -->
<testsuite ignored="0" hostname="Dhinesh-Pc" failures="0" tests="4" name="Test" time="67.656" errors="0" timestamp="2025-06-09T19:39:48 IST">
  <testcase classname="Test.Login_TC_01" name="Positivelogin" time="3.295"/>
  <testcase classname="Test.Login_TC_01" name="negativelogin" time="5.327"/>
  <testcase classname="Test.Pay_TC_02" name="payment" time="17.929"/>
  <testcase classname="Test.Pay_TC_03" name="test_crediting" time="10.555"/>
</testsuite> <!-- Test -->
