<?xml version="1.0" encoding="UTF-8"?>
<testng-results ignored="0" total="4" passed="4" failed="0" skipped="0">
  <reporter-output>
  </reporter-output>
  <suite started-at="2025-06-09T19:38:40 IST" name="Suite" finished-at="2025-06-09T19:39:47 IST" duration-ms="67656">
    <groups>
    </groups>
    <test started-at="2025-06-09T19:38:40 IST" name="Test" finished-at="2025-06-09T19:39:47 IST" duration-ms="67656">
      <class name="Test.Pay_TC_02">
        <test-method is-config="true" signature="initalize()[pri:0, instance:Test.Pay_TC_02@10e31a9a]" started-at="2025-06-09T19:39:02 IST" name="initalize" finished-at="2025-06-09T19:39:12 IST" duration-ms="10556" status="PASS">
          <reporter-output>
          </reporter-output>
        </test-method> <!-- initalize -->
        <test-method signature="payment()[pri:0, instance:Test.Pay_TC_02@10e31a9a]" started-at="2025-06-09T19:39:12 IST" name="payment" finished-at="2025-06-09T19:39:30 IST" duration-ms="17929" status="PASS">
          <reporter-output>
          </reporter-output>
        </test-method> <!-- payment -->
        <test-method is-config="true" signature="exit()[pri:0, instance:Test.Pay_TC_02@10e31a9a]" started-at="2025-06-09T19:39:30 IST" name="exit" finished-at="2025-06-09T19:39:31 IST" duration-ms="328" status="PASS">
          <reporter-output>
          </reporter-output>
        </test-method> <!-- exit -->
      </class> <!-- Test.Pay_TC_02 -->
      <class name="Test.Pay_TC_03">
        <test-method is-config="true" signature="initalize()[pri:0, instance:Test.Pay_TC_03@131774fe]" started-at="2025-06-09T19:39:31 IST" name="initalize" finished-at="2025-06-09T19:39:37 IST" duration-ms="6059" status="PASS">
          <reporter-output>
          </reporter-output>
        </test-method> <!-- initalize -->
        <test-method signature="test_crediting()[pri:0, instance:Test.Pay_TC_03@131774fe]" started-at="2025-06-09T19:39:37 IST" name="test_crediting" finished-at="2025-06-09T19:39:47 IST" duration-ms="10555" status="PASS">
          <reporter-output>
          </reporter-output>
        </test-method> <!-- test_crediting -->
        <test-method is-config="true" signature="exit()[pri:0, instance:Test.Pay_TC_03@131774fe]" started-at="2025-06-09T19:39:47 IST" name="exit" finished-at="2025-06-09T19:39:47 IST" duration-ms="321" status="PASS">
          <reporter-output>
          </reporter-output>
        </test-method> <!-- exit -->
      </class> <!-- Test.Pay_TC_03 -->
      <class name="Test.Login_TC_01">
        <test-method is-config="true" signature="initalize()[pri:0, instance:Test.Login_TC_01@4f6ee6e4]" started-at="2025-06-09T19:38:40 IST" name="initalize" finished-at="2025-06-09T19:38:47 IST" duration-ms="6698" status="PASS">
          <reporter-output>
          </reporter-output>
        </test-method> <!-- initalize -->
        <test-method signature="Positivelogin()[pri:0, instance:Test.Login_TC_01@4f6ee6e4]" started-at="2025-06-09T19:38:47 IST" name="Positivelogin" finished-at="2025-06-09T19:38:50 IST" duration-ms="3295" status="PASS">
          <reporter-output>
          </reporter-output>
        </test-method> <!-- Positivelogin -->
        <test-method is-config="true" signature="exit()[pri:0, instance:Test.Login_TC_01@4f6ee6e4]" started-at="2025-06-09T19:38:50 IST" name="exit" finished-at="2025-06-09T19:38:50 IST" duration-ms="344" status="PASS">
          <reporter-output>
          </reporter-output>
        </test-method> <!-- exit -->
        <test-method is-config="true" signature="initalize()[pri:0, instance:Test.Login_TC_01@4f6ee6e4]" started-at="2025-06-09T19:38:50 IST" name="initalize" finished-at="2025-06-09T19:38:56 IST" duration-ms="5891" status="PASS">
          <reporter-output>
          </reporter-output>
        </test-method> <!-- initalize -->
        <test-method signature="negativelogin()[pri:0, instance:Test.Login_TC_01@4f6ee6e4]" started-at="2025-06-09T19:38:56 IST" name="negativelogin" finished-at="2025-06-09T19:39:01 IST" duration-ms="5327" status="PASS">
          <reporter-output>
          </reporter-output>
        </test-method> <!-- negativelogin -->
        <test-method is-config="true" signature="exit()[pri:0, instance:Test.Login_TC_01@4f6ee6e4]" started-at="2025-06-09T19:39:01 IST" name="exit" finished-at="2025-06-09T19:39:02 IST" duration-ms="283" status="PASS">
          <reporter-output>
          </reporter-output>
        </test-method> <!-- exit -->
      </class> <!-- Test.Login_TC_01 -->
    </test> <!-- Test -->
  </suite> <!-- Suite -->
</testng-results>
